-------------------------------------------------------------------------------
Test set: TestMTD
-------------------------------------------------------------------------------
Tests run: 1, Failures: 1, Errors: 0, Skipped: 0, Time elapsed: 1.423 sec <<< FAILURE!
Main(TestMTD)  Time elapsed: 0.007 sec  <<< FAILURE!
java.lang.NullPointerException
	at java.util.Properties$LineReader.readLine(Properties.java:434)
	at java.util.Properties.load0(Properties.java:353)
	at java.util.Properties.load(Properties.java:341)
	at ReadFromConfig.<init>(ReadFromConfig.java:19)
	at TestMTD.configurationLoad(TestMTD.java:35)
	at TestMTD.Main(TestMTD.java:514)

