<?xml version="1.0" encoding="UTF-8"?>
<testng-results skipped="0" failed="0" total="5" passed="5">
  <reporter-output>
  </reporter-output>
  <suite name="Default suite" duration-ms="98234" started-at="2017-10-30T20:56:39Z" finished-at="2017-10-30T20:58:18Z">
    <groups>
    </groups>
    <test name="Default test" duration-ms="98234" started-at="2017-10-30T20:56:39Z" finished-at="2017-10-30T20:58:18Z">
      <class name="TestMTD">
        <test-method status="PASS" signature="configurationLoad()" name="configurationLoad" is-config="true" duration-ms="12" started-at="2017-10-30T20:56:39Z" finished-at="2017-10-30T20:56:39Z">
        </test-method>
        <test-method status="PASS" signature="createReport()" name="createReport" is-config="true" duration-ms="302" started-at="2017-10-30T20:56:39Z" finished-at="2017-10-30T20:56:40Z">
        </test-method>
        <test-method status="PASS" signature="TestLogin()" name="TestLogin" duration-ms="17804" started-at="2017-10-30T20:56:40Z" finished-at="2017-10-30T20:56:58Z">
        </test-method>
        <test-method status="PASS" signature="tearDown(org.testng.ITestResult)" name="tearDown" is-config="true" duration-ms="296" started-at="2017-10-30T20:56:58Z" finished-at="2017-10-30T20:56:58Z">
          <params>
            <param index="0">
              <value>
                <![CDATA[[TestResult: TestLogin STATUS:SUCCESS METHOD:TestMTD.TestLogin()]
]]>
              </value>
            </param>
          </params>
        </test-method>
        <test-method status="PASS" signature="testAllTab()" name="testAllTab" duration-ms="23063" started-at="2017-10-30T20:56:58Z" depends-on-methods="TestMTD.TestLogin" finished-at="2017-10-30T20:57:21Z">
        </test-method>
        <test-method status="PASS" signature="tearDown(org.testng.ITestResult)" name="tearDown" is-config="true" duration-ms="76" started-at="2017-10-30T20:57:21Z" finished-at="2017-10-30T20:57:21Z">
          <params>
            <param index="0">
              <value>
                <![CDATA[[TestResult: testAllTab STATUS:SUCCESS METHOD:TestMTD.testAllTab()]
]]>
              </value>
            </param>
          </params>
        </test-method>
        <test-method status="PASS" signature="TestCheckAppManager()" name="TestCheckAppManager" duration-ms="3824" started-at="2017-10-30T20:57:21Z" depends-on-methods="TestMTD.testAllTab" finished-at="2017-10-30T20:57:25Z">
        </test-method>
        <test-method status="PASS" signature="tearDown(org.testng.ITestResult)" name="tearDown" is-config="true" duration-ms="51" started-at="2017-10-30T20:57:25Z" finished-at="2017-10-30T20:57:25Z">
          <params>
            <param index="0">
              <value>
                <![CDATA[[TestResult: TestCheckAppManager STATUS:SUCCESS METHOD:TestMTD.TestCheckAppManager()]
]]>
              </value>
            </param>
          </params>
        </test-method>
        <test-method status="PASS" signature="TestAddNewAPPManager()" name="TestAddNewAPPManager" duration-ms="52520" started-at="2017-10-30T20:57:25Z" depends-on-methods="TestMTD.TestCheckAppManager" finished-at="2017-10-30T20:58:17Z">
        </test-method>
        <test-method status="PASS" signature="tearDown(org.testng.ITestResult)" name="tearDown" is-config="true" duration-ms="97" started-at="2017-10-30T20:58:17Z" finished-at="2017-10-30T20:58:17Z">
          <params>
            <param index="0">
              <value>
                <![CDATA[[TestResult: TestAddNewAPPManager STATUS:SUCCESS METHOD:TestMTD.TestAddNewAPPManager()]
]]>
              </value>
            </param>
          </params>
        </test-method>
        <test-method status="PASS" signature="TestcheckAppManagerView()" name="TestcheckAppManagerView" duration-ms="82" started-at="2017-10-30T20:58:17Z" depends-on-methods="TestMTD.TestAddNewAPPManager" finished-at="2017-10-30T20:58:18Z">
        </test-method>
        <test-method status="PASS" signature="tearDown(org.testng.ITestResult)" name="tearDown" is-config="true" duration-ms="90" started-at="2017-10-30T20:58:18Z" finished-at="2017-10-30T20:58:18Z">
          <params>
            <param index="0">
              <value>
                <![CDATA[[TestResult: TestcheckAppManagerView STATUS:SUCCESS METHOD:TestMTD.TestcheckAppManagerView()]
]]>
              </value>
            </param>
          </params>
        </test-method>
      </class>
    </test>
  </suite>
</testng-results>
